<?xml version="1.0" encoding="UTF-8"?>
<testng-results ignored="0" total="1" passed="1" failed="0" skipped="0">
  <reporter-output>
  </reporter-output>
  <suite started-at="2022-03-31T01:42:34 IST" name="Default suite" finished-at="2022-03-31T01:42:35 IST" duration-ms="100">
    <groups>
    </groups>
    <test started-at="2022-03-31T01:42:34 IST" name="Default test" finished-at="2022-03-31T01:42:35 IST" duration-ms="100">
      <class name="TestNg_Prog.Test1">
        <test-method is-config="true" signature="beforeSuite()[pri:0, instance:TestNg_Prog.Test1@37d4349f]" started-at="2022-03-31T01:42:34 IST" name="beforeSuite" finished-at="2022-03-31T01:42:34 IST" duration-ms="13" status="PASS">
          <reporter-output>
          </reporter-output>
        </test-method> <!-- beforeSuite -->
        <test-method is-config="true" signature="beforeTest()[pri:0, instance:TestNg_Prog.Test1@37d4349f]" started-at="2022-03-31T01:42:34 IST" name="beforeTest" finished-at="2022-03-31T01:42:34 IST" duration-ms="0" status="PASS">
          <reporter-output>
          </reporter-output>
        </test-method> <!-- beforeTest -->
        <test-method is-config="true" signature="beforeClass()[pri:0, instance:TestNg_Prog.Test1@37d4349f]" started-at="2022-03-31T01:42:34 IST" name="beforeClass" finished-at="2022-03-31T01:42:34 IST" duration-ms="0" status="PASS">
          <reporter-output>
          </reporter-output>
        </test-method> <!-- beforeClass -->
        <test-method is-config="true" signature="beforeMethod()[pri:0, instance:TestNg_Prog.Test1@37d4349f]" started-at="2022-03-31T01:42:34 IST" name="beforeMethod" finished-at="2022-03-31T01:42:34 IST" duration-ms="0" status="PASS">
          <reporter-output>
          </reporter-output>
        </test-method> <!-- beforeMethod -->
        <test-method signature="testCase()[pri:0, instance:TestNg_Prog.Test1@37d4349f]" started-at="2022-03-31T01:42:35 IST" name="testCase" finished-at="2022-03-31T01:42:35 IST" duration-ms="14" status="PASS">
          <reporter-output>
          </reporter-output>
        </test-method> <!-- testCase -->
        <test-method is-config="true" signature="afterMethod()[pri:0, instance:TestNg_Prog.Test1@37d4349f]" started-at="2022-03-31T01:42:35 IST" name="afterMethod" finished-at="2022-03-31T01:42:35 IST" duration-ms="1" status="PASS">
          <reporter-output>
          </reporter-output>
        </test-method> <!-- afterMethod -->
        <test-method is-config="true" signature="afterClass()[pri:0, instance:TestNg_Prog.Test1@37d4349f]" started-at="2022-03-31T01:42:35 IST" name="afterClass" finished-at="2022-03-31T01:42:35 IST" duration-ms="1" status="PASS">
          <reporter-output>
          </reporter-output>
        </test-method> <!-- afterClass -->
        <test-method is-config="true" signature="afterTest()[pri:0, instance:TestNg_Prog.Test1@37d4349f]" started-at="2022-03-31T01:42:35 IST" name="afterTest" finished-at="2022-03-31T01:42:35 IST" duration-ms="1" status="PASS">
          <reporter-output>
          </reporter-output>
        </test-method> <!-- afterTest -->
        <test-method is-config="true" signature="afterSuite()[pri:0, instance:TestNg_Prog.Test1@37d4349f]" started-at="2022-03-31T01:42:35 IST" name="afterSuite" finished-at="2022-03-31T01:42:35 IST" duration-ms="0" status="PASS">
          <reporter-output>
          </reporter-output>
        </test-method> <!-- afterSuite -->
      </class> <!-- TestNg_Prog.Test1 -->
    </test> <!-- Default test -->
  </suite> <!-- Default suite -->
</testng-results>
